<?xml version="1.0" encoding="UTF-8" ?>
<testsuite tests="9" failures="1" name="com.mycompany.service.VendingMachineServiceLayerImplTest" time="0.008" errors="0" skipped="0">
  <properties>
[...]
</properties>
  <testcase classname="com.mycompany.service.VendingMachineServiceLayerImplTest" name="testGetItemName" time="0"/>
  <testcase classname="com.mycompany.service.VendingMachineServiceLayerImplTest" name="unValidVedning" time="0.002">
    <failure message="Expected InsufficientFundsException was not thrown." type="java.lang.AssertionError">java.lang.AssertionError: Expected InsufficientFundsException was not thrown.
	at org.junit.Assert.fail(Assert.java:88)
	at com.mycompany.service.VendingMachineServiceLayerImplTest.unValidVedning(VendingMachineServiceLayerImplTest.java:78)
	at java.base/jdk.internal.reflect.NativeMethodAccessorImpl.invoke0(Native Method)
	at java.base/jdk.internal.reflect.NativeMethodAccessorImpl.invoke(NativeMethodAccessorImpl.java:62)
	at java.base/jdk.internal.reflect.DelegatingMethodAccessorImpl.invoke(DelegatingMethodAccessorImpl.java:43)
	at java.base/java.lang.reflect.Method.invoke(Method.java:566)
	at org.junit.runners.model.FrameworkMethod$1.runReflectiveCall(FrameworkMethod.java:50)
	at org.junit.internal.runners.model.ReflectiveCallable.run(ReflectiveCallable.java:12)
	at org.junit.runners.model.FrameworkMethod.invokeExplosively(FrameworkMethod.java:47)
	at org.junit.internal.runners.statements.InvokeMethod.evaluate(InvokeMethod.java:17)
	at org.junit.internal.runners.statements.RunBefores.evaluate(RunBefores.java:26)
	at org.junit.internal.runners.statements.RunAfters.evaluate(RunAfters.java:27)
	at org.junit.runners.ParentRunner.runLeaf(ParentRunner.java:325)
	at org.junit.runners.BlockJUnit4ClassRunner.runChild(BlockJUnit4ClassRunner.java:78)
	at org.junit.runners.BlockJUnit4ClassRunner.runChild(BlockJUnit4ClassRunner.java:57)
	at org.junit.runners.ParentRunner$3.run(ParentRunner.java:290)
	at org.junit.runners.ParentRunner$1.schedule(ParentRunner.java:71)
	at org.junit.runners.ParentRunner.runChildren(ParentRunner.java:288)
	at org.junit.runners.ParentRunner.access$000(ParentRunner.java:58)
	at org.junit.runners.ParentRunner$2.evaluate(ParentRunner.java:268)
	at org.junit.internal.runners.statements.RunBefores.evaluate(RunBefores.java:26)
	at org.junit.internal.runners.statements.RunAfters.evaluate(RunAfters.java:27)
	at org.junit.runners.ParentRunner.run(ParentRunner.java:363)
	at org.apache.maven.surefire.junit4.JUnit4Provider.execute(JUnit4Provider.java:252)
	at org.apache.maven.surefire.junit4.JUnit4Provider.executeTestSet(JUnit4Provider.java:141)
	at org.apache.maven.surefire.junit4.JUnit4Provider.invoke(JUnit4Provider.java:112)
	at java.base/jdk.internal.reflect.NativeMethodAccessorImpl.invoke0(Native Method)
	at java.base/jdk.internal.reflect.NativeMethodAccessorImpl.invoke(NativeMethodAccessorImpl.java:62)
	at java.base/jdk.internal.reflect.DelegatingMethodAccessorImpl.invoke(DelegatingMethodAccessorImpl.java:43)
	at java.base/java.lang.reflect.Method.invoke(Method.java:566)
	at org.apache.maven.surefire.util.ReflectionUtils.invokeMethodWithArray(ReflectionUtils.java:189)
	at org.apache.maven.surefire.booter.ProviderFactory$ProviderProxy.invoke(ProviderFactory.java:165)
	at org.apache.maven.surefire.booter.ProviderFactory.invokeProvider(ProviderFactory.java:85)
	at org.apache.maven.surefire.booter.ForkedBooter.runSuitesInProcess(ForkedBooter.java:115)
	at org.apache.maven.surefire.booter.ForkedBooter.main(ForkedBooter.java:75)
</failure>
    <system-out>the amount that you entered is not enough to buy the selected item
</system-out>
  </testcase>
  <testcase classname="com.mycompany.service.VendingMachineServiceLayerImplTest" name="testVendItem" time="0.005"/>
  <testcase classname="com.mycompany.service.VendingMachineServiceLayerImplTest" name="test_get_all_dimes" time="0"/>
  <testcase classname="com.mycompany.service.VendingMachineServiceLayerImplTest" name="test_get_all_nickels" time="0"/>
  <testcase classname="com.mycompany.service.VendingMachineServiceLayerImplTest" name="test_get_all_quarters" time="0"/>
  <testcase classname="com.mycompany.service.VendingMachineServiceLayerImplTest" name="test_get_all_pennies" time="0.001"/>
  <testcase classname="com.mycompany.service.VendingMachineServiceLayerImplTest" name="testGetObject" time="0"/>
  <testcase classname="com.mycompany.service.VendingMachineServiceLayerImplTest" name="testgetallItems" time="0"/>
</testsuite>