<?xml version="1.0" encoding="UTF-8" ?>
<testsuite tests="8" failures="0" name="com.mycompany.dao.VendingMachineDaoImplTest" time="0.054" errors="0" skipped="0">
  <properties>
[...]
</properties>
  <testcase classname="com.mycompany.dao.VendingMachineDaoImplTest" name="VendItem" time="0.04"/>
  <testcase classname="com.mycompany.dao.VendingMachineDaoImplTest" name="get_all_quarters" time="0.008"/>
  <testcase classname="com.mycompany.dao.VendingMachineDaoImplTest" name="get_all_pennies" time="0"/>
  <testcase classname="com.mycompany.dao.VendingMachineDaoImplTest" name="getItemName" time="0.002"/>
  <testcase classname="com.mycompany.dao.VendingMachineDaoImplTest" name="getallItems" time="0.001"/>
  <testcase classname="com.mycompany.dao.VendingMachineDaoImplTest" name="get_all_dimes" time="0"/>
  <testcase classname="com.mycompany.dao.VendingMachineDaoImplTest" name="get_all_nickels" time="0.001"/>
  <testcase classname="com.mycompany.dao.VendingMachineDaoImplTest" name="getItemObject" time="0.002"/>
</testsuite>